<?xml version="1.0" encoding="UTF-8"?>
<!-- Generated by org.testng.reporters.JUnitReportReporter -->
<testsuite skipped="0" hostname="LAPTOP-M037PSRF" name="GitLearning.PracticeTest" tests="2" failures="0" timestamp="07 Jan 2021 05:01:11 GMT" time="54.398" errors="0">
  <testcase name="login" time="20.683" classname="GitLearning.PracticeTest"/>
  <testcase name="searchClick" time="33.715" classname="GitLearning.PracticeTest"/>
</testsuite> <!-- GitLearning.PracticeTest -->
